<?xml version="1.0" encoding="UTF-8"?>
<testsuite name="ohtu.MultiplierTest" tests="1" skipped="0" failures="0" errors="0" timestamp="2017-03-29T09:24:30" hostname="URauta" time="0.013">
  <properties/>
  <testcase name="kertominenToimii" classname="ohtu.MultiplierTest" time="0.013"/>
  <system-out><![CDATA[]]></system-out>
  <system-err><![CDATA[]]></system-err>
</testsuite>
