<?xml version="1.0" encoding="UTF-8"?>
<testsuite name="ohtuesimerkki.StatisticsTest" tests="5" skipped="0" failures="0" errors="0" timestamp="2017-03-21T18:37:27" hostname="URauta" time="0.003">
  <properties/>
  <testcase name="testSearchDoesntReturnAnythingIfNameIsInvalid" classname="ohtuesimerkki.StatisticsTest" time="0.002"/>
  <testcase name="testTeam" classname="ohtuesimerkki.StatisticsTest" time="0.0"/>
  <testcase name="testTopScorerIsCorrect" classname="ohtuesimerkki.StatisticsTest" time="0.001"/>
  <testcase name="testTopScorers" classname="ohtuesimerkki.StatisticsTest" time="0.0"/>
  <testcase name="testSearchReturnsNameOfTheFinnishLegend" classname="ohtuesimerkki.StatisticsTest" time="0.0"/>
  <system-out><![CDATA[]]></system-out>
  <system-err><![CDATA[]]></system-err>
</testsuite>
